Performing C SOURCE FILE Test CMAKE_HAVE_LIBC_PTHREAD failed with the following output:
Change Dir: /home/hzt/autsys-projects-amg/catkin_ws/build/yaml_cpp_catkin/yaml_cpp_src-prefix/src/yaml_cpp_src-build/CMakeFiles/CMakeTmp

Run Build Command(s):/usr/bin/make cmTC_7b2d6/fast && make[3]: 进入目录“/home/hzt/autsys-projects-amg/catkin_ws/build/yaml_cpp_catkin/yaml_cpp_src-prefix/src/yaml_cpp_src-build/CMakeFiles/CMakeTmp”
/usr/bin/make -f CMakeFiles/cmTC_7b2d6.dir/build.make CMakeFiles/cmTC_7b2d6.dir/build
make[4]: 进入目录“/home/hzt/autsys-projects-amg/catkin_ws/build/yaml_cpp_catkin/yaml_cpp_src-prefix/src/yaml_cpp_src-build/CMakeFiles/CMakeTmp”
Building C object CMakeFiles/cmTC_7b2d6.dir/src.c.o
/usr/bin/cc   -DCMAKE_HAVE_LIBC_PTHREAD   -o CMakeFiles/cmTC_7b2d6.dir/src.c.o   -c /home/hzt/autsys-projects-amg/catkin_ws/build/yaml_cpp_catkin/yaml_cpp_src-prefix/src/yaml_cpp_src-build/CMakeFiles/CMakeTmp/src.c
Linking C executable cmTC_7b2d6
/usr/bin/cmake -E cmake_link_script CMakeFiles/cmTC_7b2d6.dir/link.txt --verbose=1
/usr/bin/cc  -DCMAKE_HAVE_LIBC_PTHREAD    -rdynamic CMakeFiles/cmTC_7b2d6.dir/src.c.o  -o cmTC_7b2d6 
/usr/bin/ld: CMakeFiles/cmTC_7b2d6.dir/src.c.o: in function `main':
src.c:(.text+0x46): undefined reference to `pthread_create'
/usr/bin/ld: src.c:(.text+0x52): undefined reference to `pthread_detach'
/usr/bin/ld: src.c:(.text+0x63): undefined reference to `pthread_join'
collect2: error: ld returned 1 exit status
make[4]: *** [CMakeFiles/cmTC_7b2d6.dir/build.make:87：cmTC_7b2d6] 错误 1
make[4]: 离开目录“/home/hzt/autsys-projects-amg/catkin_ws/build/yaml_cpp_catkin/yaml_cpp_src-prefix/src/yaml_cpp_src-build/CMakeFiles/CMakeTmp”
make[3]: *** [Makefile:121：cmTC_7b2d6/fast] 错误 2
make[3]: 离开目录“/home/hzt/autsys-projects-amg/catkin_ws/build/yaml_cpp_catkin/yaml_cpp_src-prefix/src/yaml_cpp_src-build/CMakeFiles/CMakeTmp”


Source file was:
#include <pthread.h>

void* test_func(void* data)
{
  return data;
}

int main(void)
{
  pthread_t thread;
  pthread_create(&thread, NULL, test_func, NULL);
  pthread_detach(thread);
  pthread_join(thread, NULL);
  pthread_atfork(NULL, NULL, NULL);
  pthread_exit(NULL);

  return 0;
}

Determining if the function pthread_create exists in the pthreads failed with the following output:
Change Dir: /home/hzt/autsys-projects-amg/catkin_ws/build/yaml_cpp_catkin/yaml_cpp_src-prefix/src/yaml_cpp_src-build/CMakeFiles/CMakeTmp

Run Build Command(s):/usr/bin/make cmTC_08add/fast && make[3]: 进入目录“/home/hzt/autsys-projects-amg/catkin_ws/build/yaml_cpp_catkin/yaml_cpp_src-prefix/src/yaml_cpp_src-build/CMakeFiles/CMakeTmp”
/usr/bin/make -f CMakeFiles/cmTC_08add.dir/build.make CMakeFiles/cmTC_08add.dir/build
make[4]: 进入目录“/home/hzt/autsys-projects-amg/catkin_ws/build/yaml_cpp_catkin/yaml_cpp_src-prefix/src/yaml_cpp_src-build/CMakeFiles/CMakeTmp”
Building C object CMakeFiles/cmTC_08add.dir/CheckFunctionExists.c.o
/usr/bin/cc   -DCHECK_FUNCTION_EXISTS=pthread_create   -o CMakeFiles/cmTC_08add.dir/CheckFunctionExists.c.o   -c /usr/share/cmake-3.16/Modules/CheckFunctionExists.c
Linking C executable cmTC_08add
/usr/bin/cmake -E cmake_link_script CMakeFiles/cmTC_08add.dir/link.txt --verbose=1
/usr/bin/cc  -DCHECK_FUNCTION_EXISTS=pthread_create    -rdynamic CMakeFiles/cmTC_08add.dir/CheckFunctionExists.c.o  -o cmTC_08add  -lpthreads 
/usr/bin/ld: 找不到 -lpthreads
collect2: error: ld returned 1 exit status
make[4]: *** [CMakeFiles/cmTC_08add.dir/build.make:87：cmTC_08add] 错误 1
make[4]: 离开目录“/home/hzt/autsys-projects-amg/catkin_ws/build/yaml_cpp_catkin/yaml_cpp_src-prefix/src/yaml_cpp_src-build/CMakeFiles/CMakeTmp”
make[3]: *** [Makefile:121：cmTC_08add/fast] 错误 2
make[3]: 离开目录“/home/hzt/autsys-projects-amg/catkin_ws/build/yaml_cpp_catkin/yaml_cpp_src-prefix/src/yaml_cpp_src-build/CMakeFiles/CMakeTmp”



